  Camera.cpp
  Mesh.cpp
  practica4_conjerarquia.cpp
C:\Users\tutor\Downloads\practica4 Modelado Jerarquico\Practica4\Practica4\Window.h(12,36): warning C4244: 'return': conversión de 'GLint' a 'GLfloat'; posible pérdida de datos
  (compilando archivo de origen "practica4_conjerarquia.cpp")
  
C:\Users\tutor\Downloads\practica4 Modelado Jerarquico\Practica4\Practica4\Window.h(13,37): warning C4244: 'return': conversión de 'GLint' a 'GLfloat'; posible pérdida de datos
  (compilando archivo de origen "practica4_conjerarquia.cpp")
  
C:\Users\tutor\Downloads\practica4 Modelado Jerarquico\Practica4\Practica4\practica4_conjerarquia.cpp(28,36): warning C4305: 'inicializando': truncamiento de 'double' a 'float'
C:\Users\tutor\Downloads\practica4 Modelado Jerarquico\Practica4\Practica4\practica4_conjerarquia.cpp(191,16): warning C4018: '<': no coinciden signed/unsigned
C:\Users\tutor\Downloads\practica4 Modelado Jerarquico\Practica4\Practica4\practica4_conjerarquia.cpp(233,32): warning C4244: 'argumento': conversión de 'double' a '_Ty'; posible pérdida de datos
C:\Users\tutor\Downloads\practica4 Modelado Jerarquico\Practica4\Practica4\practica4_conjerarquia.cpp(233,32): warning C4244:         with
C:\Users\tutor\Downloads\practica4 Modelado Jerarquico\Practica4\Practica4\practica4_conjerarquia.cpp(233,32): warning C4244:         [
C:\Users\tutor\Downloads\practica4 Modelado Jerarquico\Practica4\Practica4\practica4_conjerarquia.cpp(233,32): warning C4244:             _Ty=GLfloat
C:\Users\tutor\Downloads\practica4 Modelado Jerarquico\Practica4\Practica4\practica4_conjerarquia.cpp(233,32): warning C4244:         ]
C:\Users\tutor\Downloads\practica4 Modelado Jerarquico\Practica4\Practica4\practica4_conjerarquia.cpp(235,32): warning C4244: 'argumento': conversión de 'double' a '_Ty'; posible pérdida de datos
C:\Users\tutor\Downloads\practica4 Modelado Jerarquico\Practica4\Practica4\practica4_conjerarquia.cpp(235,32): warning C4244:         with
C:\Users\tutor\Downloads\practica4 Modelado Jerarquico\Practica4\Practica4\practica4_conjerarquia.cpp(235,32): warning C4244:         [
C:\Users\tutor\Downloads\practica4 Modelado Jerarquico\Practica4\Practica4\practica4_conjerarquia.cpp(235,32): warning C4244:             _Ty=GLfloat
C:\Users\tutor\Downloads\practica4 Modelado Jerarquico\Practica4\Practica4\practica4_conjerarquia.cpp(235,32): warning C4244:         ]
C:\Users\tutor\Downloads\practica4 Modelado Jerarquico\Practica4\Practica4\practica4_conjerarquia.cpp(326,15): warning C4244: 'inicializando': conversión de 'double' a 'GLfloat'; posible pérdida de datos
C:\Users\tutor\Downloads\practica4 Modelado Jerarquico\Practica4\Practica4\practica4_conjerarquia.cpp(328,33): warning C4244: '+=': conversión de 'double' a 'GLfloat'; posible pérdida de datos
  Shader.cpp
  Sphere.cpp
C:\Users\tutor\Downloads\practica4 Modelado Jerarquico\Practica4\Practica4\Sphere.cpp(39,13): warning C4244: 'inicializando': conversión de 'double' a 'float'; posible pérdida de datos
C:\Users\tutor\Downloads\practica4 Modelado Jerarquico\Practica4\Practica4\Sphere.cpp(43,16): warning C4244: 'inicializando': conversión de 'double' a 'float'; posible pérdida de datos
  Window.cpp
C:\Users\tutor\Downloads\practica4 Modelado Jerarquico\Practica4\Practica4\Window.h(12,36): warning C4244: 'return': conversión de 'GLint' a 'GLfloat'; posible pérdida de datos
  (compilando archivo de origen "Window.cpp")
  
C:\Users\tutor\Downloads\practica4 Modelado Jerarquico\Practica4\Practica4\Window.h(13,37): warning C4244: 'return': conversión de 'GLint' a 'GLfloat'; posible pérdida de datos
  (compilando archivo de origen "Window.cpp")
  
C:\Users\tutor\Downloads\practica4 Modelado Jerarquico\Practica4\Practica4\Window.cpp(202,22): warning C4244: '=': conversión de 'double' a 'GLfloat'; posible pérdida de datos
C:\Users\tutor\Downloads\practica4 Modelado Jerarquico\Practica4\Practica4\Window.cpp(203,22): warning C4244: '=': conversión de 'double' a 'GLfloat'; posible pérdida de datos
C:\Users\tutor\Downloads\practica4 Modelado Jerarquico\Practica4\Practica4\Window.cpp(207,28): warning C4244: '=': conversión de 'double' a 'GLfloat'; posible pérdida de datos
C:\Users\tutor\Downloads\practica4 Modelado Jerarquico\Practica4\Practica4\Window.cpp(208,40): warning C4244: '=': conversión de 'double' a 'GLfloat'; posible pérdida de datos
C:\Users\tutor\Downloads\practica4 Modelado Jerarquico\Practica4\Practica4\Window.cpp(210,21): warning C4244: '=': conversión de 'double' a 'GLfloat'; posible pérdida de datos
C:\Users\tutor\Downloads\practica4 Modelado Jerarquico\Practica4\Practica4\Window.cpp(211,21): warning C4244: '=': conversión de 'double' a 'GLfloat'; posible pérdida de datos
  Generando código...
C:\Users\tutor\Downloads\practica4 Modelado Jerarquico\Practica4\Practica4\Window.cpp(88,1): warning C4715: 'Window::Initialise': no todas las rutas de acceso de control devuelven un valor
LINK : warning LNK4098: la biblioteca predeterminada'MSVCRT' entra en conflicto con otras bibliotecas; use la biblioteca /NODEFAULTLIB:biblioteca
  Practica4.vcxproj -> C:\Users\tutor\Downloads\practica4 Modelado Jerarquico\Practica4\Debug\Practica4.exe
